<?xml version="1.0" encoding="utf-8" standalone="no"?>
<test-run id="2" testcasecount="0" result="Failed" label="Invalid" total="0" passed="0" failed="0" inconclusive="0" skipped="0" asserts="0" engine-version="3.7.0.0" clr-version="4.0.30319.42000" start-time="2017-10-20 07:39:01Z" end-time="2017-10-20 07:39:02Z" duration="0.533267">
  <command-line><![CDATA[nunit3-console.exe  C:\temp\tst\startingpoint_cinema\Test-Starting\bin\Debug\Test_Starting.dll]]></command-line>
  <test-suite type="Assembly" id="0-1" name="Test_Starting.dll" fullname="C:\temp\tst\startingpoint_cinema\Test-Starting\bin\Debug\Test_Starting.dll" testcasecount="0" runstate="NotRunnable" result="Failed" label="Invalid">
    <properties>
      <property name="_SKIPREASON" value="File not found: C:\temp\tst\startingpoint_cinema\Test-Starting\bin\Debug\Test_Starting.dll" />
    </properties>
    <reason>
      <message>File not found: C:\temp\tst\startingpoint_cinema\Test-Starting\bin\Debug\Test_Starting.dll</message>
    </reason>
  </test-suite>
</test-run>